#
# There is insufficient memory for the Java Runtime Environment to continue.
# Native memory allocation (malloc) failed to allocate 36992 bytes for Chunk::new
# Possible reasons:
#   The system is out of physical RAM or swap space
#   The process is running with CompressedOops enabled, and the Java Heap may be blocking the growth of the native heap
# Possible solutions:
#   Reduce memory load on the system
#   Increase physical memory or swap space
#   Check if swap backing store is full
#   Decrease Java heap size (-Xmx/-Xms)
#   Decrease number of Java threads
#   Decrease Java thread stack sizes (-Xss)
#   Set larger code cache with -XX:ReservedCodeCacheSize=
#   JVM is running with Unscaled Compressed Oops mode in which the Java heap is
#     placed in the first 4GB address space. The Java Heap base address is the
#     maximum limit for the native heap growth. Please use -XX:HeapBaseMinAddress
#     to set the Java Heap base and to place the Java Heap above 4GB virtual address.
# This output file may be truncated or incomplete.
#
#  Out of Memory Error (allocation.cpp:389), pid=5760, tid=0x0000000000002350
#
# JRE version: Java(TM) SE Runtime Environment (8.0_261-b12) (build 1.8.0_261-b12)
# Java VM: Java HotSpot(TM) 64-Bit Server VM (25.261-b12 mixed mode windows-amd64 compressed oops)
# Failed to write core dump. Minidumps are not enabled by default on client versions of Windows
#

---------------  T H R E A D  ---------------

Current thread (0x0000000000228000):  JavaThread "main" [_thread_in_native, id=9040, stack(0x00000000025c0000,0x00000000026c0000)]

Stack: [0x00000000025c0000,0x00000000026c0000]
Native frames: (J=compiled Java code, j=interpreted, Vv=VM code, C=native code)
V  [jvm.dll+0x33e5f9]

Java frames: (J=compiled Java code, j=interpreted, Vv=VM code)
j  java.util.Formatter.<clinit>()V+2
v  ~StubRoutines::call_stub
j  java.lang.String.format(Ljava/lang/String;[Ljava/lang/Object;)Ljava/lang/String;+0
j  org.springframework.boot.logging.logback.LogbackLoggingSystem.getLoggerContext()Lch/qos/logback/classic/LoggerContext;+31
j  org.springframework.boot.logging.logback.LogbackLoggingSystem.beforeInitialize()V+1
j  org.springframework.boot.context.logging.LoggingApplicationListener.onApplicationStartingEvent(Lorg/springframework/boot/context/event/ApplicationStartingEvent;)V+18
j  org.springframework.boot.context.logging.LoggingApplicationListener.onApplicationEvent(Lorg/springframework/context/ApplicationEvent;)V+12
j  org.springframework.context.event.SimpleApplicationEventMulticaster.doInvokeListener(Lorg/springframework/context/ApplicationListener;Lorg/springframework/context/ApplicationEvent;)V+2
j  org.springframework.context.event.SimpleApplicationEventMulticaster.invokeListener(Lorg/springframework/context/ApplicationListener;Lorg/springframework/context/ApplicationEvent;)V+34
j  org.springframework.context.event.SimpleApplicationEventMulticaster.multicastEvent(Lorg/springframework/context/ApplicationEvent;Lorg/springframework/core/ResolvableType;)V+83
j  org.springframework.context.event.SimpleApplicationEventMulticaster.multicastEvent(Lorg/springframework/context/ApplicationEvent;)V+7
j  org.springframework.boot.context.event.EventPublishingRunListener.starting()V+19
j  org.springframework.boot.SpringApplicationRunListeners.starting()V+30
j  org.springframework.boot.SpringApplication.run([Ljava/lang/String;)Lorg/springframework/context/ConfigurableApplicationContext;+36
j  org.springframework.boot.SpringApplication.run([Ljava/lang/Class;[Ljava/lang/String;)Lorg/springframework/context/ConfigurableApplicationContext;+9
j  org.springframework.boot.SpringApplication.run(Ljava/lang/Class;[Ljava/lang/String;)Lorg/springframework/context/ConfigurableApplicationContext;+9
j  com.example.MaterialApplication.main([Ljava/lang/String;)V+3
v  ~StubRoutines::call_stub

---------------  P R O C E S S  ---------------

Java Threads: ( => current thread )
  0x000000001b319800 JavaThread "RMI Scheduler(0)" daemon [_thread_blocked, id=8472, stack(0x000000001bb70000,0x000000001bc70000)]
  0x000000001b334000 JavaThread "RMI TCP Connection(1)-172.75.4.58" daemon [_thread_in_native, id=6064, stack(0x000000001be10000,0x000000001bf10000)]
  0x000000001b1c2800 JavaThread "RMI TCP Accept-0" daemon [_thread_in_native, id=8008, stack(0x000000001b9f0000,0x000000001baf0000)]
  0x000000001a36c000 JavaThread "Service Thread" daemon [_thread_blocked, id=3504, stack(0x000000001af50000,0x000000001b050000)]
  0x000000001a328000 JavaThread "C1 CompilerThread3" daemon [_thread_blocked, id=7912, stack(0x000000001ada0000,0x000000001aea0000)]
  0x000000001a31c800 JavaThread "C2 CompilerThread2" daemon [_thread_blocked, id=8972, stack(0x000000001ac70000,0x000000001ad70000)]
  0x000000001a30b800 JavaThread "C2 CompilerThread1" daemon [_thread_blocked, id=1660, stack(0x000000001aa80000,0x000000001ab80000)]
  0x000000001a30a800 JavaThread "C2 CompilerThread0" daemon [_thread_blocked, id=8596, stack(0x000000001a810000,0x000000001a910000)]
  0x000000001a294800 JavaThread "Monitor Ctrl-Break" daemon [_thread_in_native, id=7692, stack(0x0000000019e50000,0x0000000019f50000)]
  0x000000001a0ee800 JavaThread "Attach Listener" daemon [_thread_blocked, id=8116, stack(0x000000001a4f0000,0x000000001a5f0000)]
  0x000000001a0dd000 JavaThread "Signal Dispatcher" daemon [_thread_blocked, id=4420, stack(0x000000001a610000,0x000000001a710000)]
  0x0000000017fb2000 JavaThread "Finalizer" daemon [_thread_blocked, id=5952, stack(0x0000000019fc0000,0x000000001a0c0000)]
  0x0000000017fa7800 JavaThread "Reference Handler" daemon [_thread_blocked, id=8348, stack(0x0000000019c40000,0x0000000019d40000)]
=>0x0000000000228000 JavaThread "main" [_thread_in_native, id=9040, stack(0x00000000025c0000,0x00000000026c0000)]

Other Threads:
  0x0000000017f61800 VMThread [stack: 0x0000000019d40000,0x0000000019e40000] [id=7748]
  0x000000001b1d2000 WatcherThread [stack: 0x000000001bc90000,0x000000001bd90000] [id=7928]

VM state:not at safepoint (normal execution)

VM Mutex/Monitor currently owned by a thread: None

heap address: 0x0000000081a00000, size: 2022 MB, Compressed Oops mode: 32-bit
Narrow klass base: 0x0000000000000000, Narrow klass shift: 3
Compressed class space size: 1073741824 Address: 0x000000013fa60000

Heap:
 PSYoungGen      total 38400K, used 28771K [0x00000000d5e00000, 0x00000000d8880000, 0x0000000100000000)
  eden space 33280K, 86% used [0x00000000d5e00000,0x00000000d7a18ca8,0x00000000d7e80000)
  from space 5120K, 0% used [0x00000000d8380000,0x00000000d8380000,0x00000000d8880000)
  to   space 5120K, 0% used [0x00000000d7e80000,0x00000000d7e80000,0x00000000d8380000)
 ParOldGen       total 87552K, used 0K [0x0000000081a00000, 0x0000000086f80000, 0x00000000d5e00000)
  object space 87552K, 0% used [0x0000000081a00000,0x0000000081a00000,0x0000000086f80000)
 Metaspace       used 10577K, capacity 10856K, committed 10880K, reserved 1058816K
  class space    used 1302K, capacity 1404K, committed 1408K, reserved 1048576K

Card table byte_map: [0x00000000120c0000,0x00000000124c0000] byte_map_base: 0x0000000011cb3000

Marking Bits: (ParMarkBitMap*) 0x0000000055474fb0
 Begin Bits: [0x00000000130b0000, 0x0000000015048000)
 End Bits:   [0x0000000015048000, 0x0000000016fe0000)

Polling page: 0x0000000000470000

CodeCache: size=245760Kb used=2360Kb max_used=2360Kb free=243399Kb
 bounds [0x0000000002d00000, 0x0000000002f70000, 0x0000000011d00000]
 total_blobs=1166 nmethods=805 adapters=274
 compilation: enabled

Compilation events (10 events):
Event: 2.586 Thread 0x000000001a328000  801  s    1       java.util.jar.JarFile::getInputStream (89 bytes)
Event: 2.586 Thread 0x000000001a328000 nmethod 801 0x0000000002f4b250 code [0x0000000002f4b420, 0x0000000002f4b9b8]
Event: 2.586 Thread 0x000000001a328000  802   !   1       sun.misc.URLClassPath$JarLoader::checkResource (55 bytes)
Event: 2.586 Thread 0x000000001a328000 nmethod 802 0x0000000002f4bc90 code [0x0000000002f4be20, 0x0000000002f4c1a8]
Event: 2.586 Thread 0x000000001a328000  803       1       sun.net.www.protocol.jar.Handler::parseURL (223 bytes)
Event: 2.587 Thread 0x000000001a328000 nmethod 803 0x0000000002f4c3d0 code [0x0000000002f4c620, 0x0000000002f4ce08]
Event: 2.587 Thread 0x000000001a328000  804       1       java.lang.ClassLoader::defineClass (43 bytes)
Event: 2.587 Thread 0x000000001a328000 nmethod 804 0x0000000002f4d650 code [0x0000000002f4d7e0, 0x0000000002f4daa8]
Event: 2.587 Thread 0x000000001a328000  805       1       java.lang.ClassLoader::postDefineClass (26 bytes)
Event: 2.587 Thread 0x000000001a328000 nmethod 805 0x0000000002f4de10 code [0x0000000002f4df80, 0x0000000002f4e118]

GC Heap History (0 events):
No events

Deoptimization events (0 events):
No events

Classes redefined (0 events):
No events

Internal exceptions (10 events):
Event: 2.577 Thread 0x0000000000228000 Exception <a 'java/lang/ArrayIndexOutOfBoundsException'> (0x00000000d7909348) thrown at [C:\jenkins\workspace\8-2-build-windows-amd64-cygwin\jdk8u261\295\hotspot\src\share\vm\runtime\sharedRuntime.cpp, line 605]
Event: 2.577 Thread 0x0000000000228000 Exception <a 'java/lang/ArrayIndexOutOfBoundsException'> (0x00000000d790a940) thrown at [C:\jenkins\workspace\8-2-build-windows-amd64-cygwin\jdk8u261\295\hotspot\src\share\vm\runtime\sharedRuntime.cpp, line 605]
Event: 2.578 Thread 0x0000000000228000 Exception <a 'java/lang/ArrayIndexOutOfBoundsException'> (0x00000000d7917620) thrown at [C:\jenkins\workspace\8-2-build-windows-amd64-cygwin\jdk8u261\295\hotspot\src\share\vm\runtime\sharedRuntime.cpp, line 605]
Event: 2.579 Thread 0x0000000000228000 Exception <a 'java/lang/ArrayIndexOutOfBoundsException'> (0x00000000d792edf8) thrown at [C:\jenkins\workspace\8-2-build-windows-amd64-cygwin\jdk8u261\295\hotspot\src\share\vm\runtime\sharedRuntime.cpp, line 605]
Event: 2.579 Thread 0x0000000000228000 Exception <a 'java/lang/ArrayIndexOutOfBoundsException'> (0x00000000d7930a28) thrown at [C:\jenkins\workspace\8-2-build-windows-amd64-cygwin\jdk8u261\295\hotspot\src\share\vm\runtime\sharedRuntime.cpp, line 605]
Event: 2.579 Thread 0x0000000000228000 Exception <a 'java/lang/ArrayIndexOutOfBoundsException'> (0x00000000d79327f8) thrown at [C:\jenkins\workspace\8-2-build-windows-amd64-cygwin\jdk8u261\295\hotspot\src\share\vm\runtime\sharedRuntime.cpp, line 605]
Event: 2.579 Thread 0x0000000000228000 Exception <a 'java/lang/ArrayIndexOutOfBoundsException'> (0x00000000d79350d0) thrown at [C:\jenkins\workspace\8-2-build-windows-amd64-cygwin\jdk8u261\295\hotspot\src\share\vm\runtime\sharedRuntime.cpp, line 605]
Event: 2.580 Thread 0x0000000000228000 Exception <a 'java/lang/ArrayIndexOutOfBoundsException'> (0x00000000d793dd90) thrown at [C:\jenkins\workspace\8-2-build-windows-amd64-cygwin\jdk8u261\295\hotspot\src\share\vm\runtime\sharedRuntime.cpp, line 605]
Event: 2.580 Thread 0x0000000000228000 Exception <a 'java/lang/ArrayIndexOutOfBoundsException'> (0x00000000d7947848) thrown at [C:\jenkins\workspace\8-2-build-windows-amd64-cygwin\jdk8u261\295\hotspot\src\share\vm\runtime\sharedRuntime.cpp, line 605]
Event: 2.580 Thread 0x0000000000228000 Exception <a 'java/lang/ArrayIndexOutOfBoundsException'> (0x00000000d79493d8) thrown at [C:\jenkins\workspace\8-2-build-windows-amd64-cygwin\jdk8u261\295\hotspot\src\share\vm\runtime\sharedRuntime.cpp, line 605]

Events (10 events):
Event: 2.586 loading class org/springframework/boot/logging/AbstractLoggingSystem$LogLevels done
Event: 2.586 loading class org/springframework/boot/logging/logback/LogbackLoggingSystem$1
Event: 2.586 loading class org/springframework/boot/logging/logback/LogbackLoggingSystem$1 done
Event: 2.586 loading class ch/qos/logback/classic/turbo/TurboFilter
Event: 2.586 loading class ch/qos/logback/classic/turbo/TurboFilter done
Event: 2.587 loading class java/lang/IllegalStateException
Event: 2.587 loading class java/lang/IllegalStateException done
Event: 2.587 loading class java/util/Formatter
Event: 2.587 loading class java/util/Formatter done
Event: 2.587 loading class java/util/regex/Pattern


Dynamic libraries:
0x000000013fa10000 - 0x000000013fa57000 	C:\Program Files\Java\jdk1.8.0_261\bin\java.exe
0x0000000077830000 - 0x00000000779cf000 	C:\Windows\SYSTEM32\ntdll.dll
0x0000000077710000 - 0x000000007782f000 	C:\Windows\system32\kernel32.dll
0x000007fefd920000 - 0x000007fefd98a000 	C:\Windows\system32\KERNELBASE.dll
0x000007feff380000 - 0x000007feff45b000 	C:\Windows\system32\ADVAPI32.dll
0x000007fefdd00000 - 0x000007fefdd9f000 	C:\Windows\system32\msvcrt.dll
0x000007feff590000 - 0x000007feff5af000 	C:\Windows\SYSTEM32\sechost.dll
0x000007fefdb50000 - 0x000007fefdc7c000 	C:\Windows\system32\RPCRT4.dll
0x0000000077610000 - 0x000000007770a000 	C:\Windows\system32\USER32.dll
0x000007feff520000 - 0x000007feff587000 	C:\Windows\system32\GDI32.dll
0x000007fefdda0000 - 0x000007fefddae000 	C:\Windows\system32\LPK.dll
0x000007feff2b0000 - 0x000007feff37b000 	C:\Windows\system32\USP10.dll
0x000007fefac60000 - 0x000007fefae54000 	C:\Windows\WinSxS\amd64_microsoft.windows.common-controls_6595b64144ccf1df_6.0.7601.23403_none_e36ad4593102f066\COMCTL32.dll
0x000007fefe130000 - 0x000007fefe1a1000 	C:\Windows\system32\SHLWAPI.dll
0x000007fefdb20000 - 0x000007fefdb4e000 	C:\Windows\system32\IMM32.DLL
0x000007feff1a0000 - 0x000007feff2a9000 	C:\Windows\system32\MSCTF.dll
0x0000000180000000 - 0x0000000180098000 	C:\Windows\LVUAAgentInstBaseRoot\system32\Vozokopot.dll
0x000007fefc2c0000 - 0x000007fefc2e1000 	C:\Windows\LVUAAgentInstBaseRoot\system32\MozartBreathFw.dll
0x000007fefbd70000 - 0x000007fefc2bf000 	C:\Windows\LVUAAgentInstBaseRoot\system32\MozartBreathCore.dll
0x0000000075200000 - 0x000000007529a000 	C:\Windows\LVUAAgentInstBaseRoot\system32\SteinwayMSVCRT.dll
0x0000000075130000 - 0x0000000075200000 	C:\Windows\LVUAAgentInstBaseRoot\system32\SteinwayMSVCSTL.dll
0x000007fefbcf0000 - 0x000007fefbd61000 	C:\Windows\system32\WINSPOOL.DRV
0x000007fefe080000 - 0x000007fefe117000 	C:\Windows\system32\COMDLG32.dll
0x000007fefe410000 - 0x000007feff19a000 	C:\Windows\system32\SHELL32.dll
0x000007fefe1b0000 - 0x000007fefe3af000 	C:\Windows\system32\ole32.dll
0x000007feff860000 - 0x000007feff93a000 	C:\Windows\system32\OLEAUT32.dll
0x000007feff5b0000 - 0x000007feff5fd000 	C:\Windows\system32\WS2_32.dll
0x000007fefe120000 - 0x000007fefe128000 	C:\Windows\system32\NSI.dll
0x000007fefc610000 - 0x000007fefc621000 	C:\Windows\system32\WTSAPI32.dll
0x000007fefcb90000 - 0x000007fefcbeb000 	C:\Windows\system32\DNSAPI.dll
0x000007fefbc30000 - 0x000007fefbc48000 	C:\Windows\system32\MPR.dll
0x000007fefbbf0000 - 0x000007fefbc2a000 	C:\Windows\LVUAAgentInstBaseRoot\system32\MozartBreathNet.dll
0x000007fefbb80000 - 0x000007fefbbe3000 	C:\Windows\LVUAAgentInstBaseRoot\system32\MozartBreathFile.dll
0x000007fefbb40000 - 0x000007fefbb73000 	C:\Windows\LVUAAgentInstBaseRoot\system32\MozartBreathProcess.dll
0x000007fefbb20000 - 0x000007fefbb39000 	C:\Windows\LVUAAgentInstBaseRoot\system32\MozartBreathBolo.dll
0x000007fefbb00000 - 0x000007fefbb15000 	C:\Windows\LVUAAgentInstBaseRoot\system32\MozartBreathProtect.dll
0x000007fefc820000 - 0x000007fefc823000 	C:\Windows\system32\api-ms-win-core-synch-l1-2-0.DLL
0x000007feecd30000 - 0x000007feecd45000 	C:\Program Files\Java\jdk1.8.0_261\jre\bin\vcruntime140.dll
0x000007fee3cd0000 - 0x000007fee3cd4000 	C:\Windows\system32\api-ms-win-crt-runtime-l1-1-0.dll
0x000007fedbb90000 - 0x000007fedbc84000 	C:\Windows\system32\ucrtbase.DLL
0x000007fee3960000 - 0x000007fee3963000 	C:\Windows\system32\api-ms-win-core-timezone-l1-1-0.dll
0x000007fee1e30000 - 0x000007fee1e33000 	C:\Windows\system32\api-ms-win-core-file-l2-1-0.dll
0x000007fee3cc0000 - 0x000007fee3cc3000 	C:\Windows\system32\api-ms-win-core-localization-l1-2-0.dll
0x000007fee39b0000 - 0x000007fee39b3000 	C:\Windows\system32\api-ms-win-core-processthreads-l1-1-1.dll
0x000007fee3970000 - 0x000007fee3973000 	C:\Windows\system32\api-ms-win-core-file-l1-2-0.dll
0x000007fee1df0000 - 0x000007fee1df3000 	C:\Windows\system32\api-ms-win-crt-heap-l1-1-0.dll
0x000007fee1de0000 - 0x000007fee1de4000 	C:\Windows\system32\api-ms-win-crt-string-l1-1-0.dll
0x000007fee1dd0000 - 0x000007fee1dd4000 	C:\Windows\system32\api-ms-win-crt-stdio-l1-1-0.dll
0x000007fee1dc0000 - 0x000007fee1dc4000 	C:\Windows\system32\api-ms-win-crt-convert-l1-1-0.dll
0x000007fee7d40000 - 0x000007fee7ddb000 	C:\Program Files\Java\jdk1.8.0_261\jre\bin\msvcp140.dll
0x000007fee1db0000 - 0x000007fee1db3000 	C:\Windows\system32\api-ms-win-crt-locale-l1-1-0.dll
0x000007fee1da0000 - 0x000007fee1da5000 	C:\Windows\system32\api-ms-win-crt-math-l1-1-0.dll
0x000007fee1d70000 - 0x000007fee1d73000 	C:\Windows\system32\api-ms-win-crt-filesystem-l1-1-0.dll
0x000007fee1d80000 - 0x000007fee1d83000 	C:\Windows\system32\api-ms-win-crt-time-l1-1-0.dll
0x000007fee1d60000 - 0x000007fee1d63000 	C:\Windows\system32\api-ms-win-crt-environment-l1-1-0.dll
0x000007fee1d50000 - 0x000007fee1d53000 	C:\Windows\system32\api-ms-win-crt-utility-l1-1-0.dll
0x0000000054c80000 - 0x00000000554ec000 	C:\Program Files\Java\jdk1.8.0_261\jre\bin\server\jvm.dll
0x000007feecf60000 - 0x000007feecf69000 	C:\Windows\system32\WSOCK32.dll
0x000007fef9db0000 - 0x000007fef9deb000 	C:\Windows\system32\WINMM.dll
0x000007fefc810000 - 0x000007fefc81c000 	C:\Windows\system32\VERSION.dll
0x00000000779d0000 - 0x00000000779d7000 	C:\Windows\system32\PSAPI.DLL
0x000007fef72c0000 - 0x000007fef72d0000 	C:\Program Files\Java\jdk1.8.0_261\jre\bin\verify.dll
0x000007feec2a0000 - 0x000007feec2cb000 	C:\Program Files\Java\jdk1.8.0_261\jre\bin\java.dll
0x000007feeb3f0000 - 0x000007feeb422000 	C:\Program Files\Java\jdk1.8.0_261\jre\bin\instrument.dll
0x000007fef8750000 - 0x000007fef8770000 	C:\Windows\system32\Wlanapi.dll
0x000007fef8740000 - 0x000007fef8747000 	C:\Windows\system32\wlanutil.dll
0x000007feeb3d0000 - 0x000007feeb3e8000 	C:\Program Files\Java\jdk1.8.0_261\jre\bin\zip.dll
0x000007fefd5e0000 - 0x000007fefd5ef000 	C:\Windows\system32\profapi.dll
0x000007fee7d20000 - 0x000007fee7d3a000 	C:\Program Files\JetBrains\IntelliJ IDEA 2019.3.3\bin\breakgen64.dll
0x000007fee7d00000 - 0x000007fee7d1c000 	C:\Program Files\Java\jdk1.8.0_261\jre\bin\net.dll
0x000007fefcd10000 - 0x000007fefcd65000 	C:\Windows\system32\mswsock.dll
0x000007fefcd00000 - 0x000007fefcd07000 	C:\Windows\System32\wship6.dll
0x000007fefba40000 - 0x000007fefba47000 	C:\Windows\System32\wshtcpip.dll
0x000007fef87d0000 - 0x000007fef87f7000 	C:\Windows\system32\IPHLPAPI.DLL
0x000007fef87c0000 - 0x000007fef87cb000 	C:\Windows\system32\WINNSI.DLL
0x000007fef8770000 - 0x000007fef8778000 	C:\Windows\system32\rasadhlp.dll
0x000007fef8100000 - 0x000007fef8153000 	C:\Windows\System32\fwpuclnt.dll
0x000007feecee0000 - 0x000007feeceed000 	C:\Program Files\Java\jdk1.8.0_261\jre\bin\management.dll
0x000007fee7ce0000 - 0x000007fee7cf3000 	C:\Program Files\Java\jdk1.8.0_261\jre\bin\nio.dll
0x000007fefcd70000 - 0x000007fefcd88000 	C:\Windows\system32\CRYPTSP.dll
0x000007fefca70000 - 0x000007fefcab7000 	C:\Windows\system32\rsaenh.dll
0x000007fefd8a0000 - 0x000007fefd8bf000 	C:\Windows\system32\USERENV.dll
0x000007fefd470000 - 0x000007fefd47f000 	C:\Windows\system32\CRYPTBASE.dll
0x000007fef87a0000 - 0x000007fef87b1000 	C:\Windows\system32\dhcpcsvc6.DLL
0x000007fef8780000 - 0x000007fef8798000 	C:\Windows\system32\dhcpcsvc.DLL
0x000007fef9d50000 - 0x000007fef9d65000 	C:\Windows\system32\NLAapi.dll
0x000007fef5c50000 - 0x000007fef5c65000 	C:\Windows\system32\napinsp.dll
0x000007fef5c30000 - 0x000007fef5c49000 	C:\Windows\system32\pnrpnsp.dll
0x000007fef5c20000 - 0x000007fef5c2b000 	C:\Windows\System32\winrnr.dll

VM Arguments:
jvm_args: -XX:TieredStopAtLevel=1 -Xverify:none -Dspring.output.ansi.enabled=always -Dcom.sun.management.jmxremote -Dspring.jmx.enabled=true -Dspring.liveBeansView.mbeanDomain -Dspring.application.admin.enabled=true -javaagent:C:\Program Files\JetBrains\IntelliJ IDEA 2019.3.3\lib\idea_rt.jar=60307:C:\Program Files\JetBrains\IntelliJ IDEA 2019.3.3\bin -Dfile.encoding=UTF-8 
java_command: com.example.MaterialApplication
java_class_path (initial): C:\Program Files\Java\jdk1.8.0_261\jre\lib\charsets.jar;C:\Program Files\Java\jdk1.8.0_261\jre\lib\deploy.jar;C:\Program Files\Java\jdk1.8.0_261\jre\lib\ext\access-bridge-64.jar;C:\Program Files\Java\jdk1.8.0_261\jre\lib\ext\cldrdata.jar;C:\Program Files\Java\jdk1.8.0_261\jre\lib\ext\dnsns.jar;C:\Program Files\Java\jdk1.8.0_261\jre\lib\ext\jaccess.jar;C:\Program Files\Java\jdk1.8.0_261\jre\lib\ext\jfxrt.jar;C:\Program Files\Java\jdk1.8.0_261\jre\lib\ext\localedata.jar;C:\Program Files\Java\jdk1.8.0_261\jre\lib\ext\nashorn.jar;C:\Program Files\Java\jdk1.8.0_261\jre\lib\ext\sunec.jar;C:\Program Files\Java\jdk1.8.0_261\jre\lib\ext\sunjce_provider.jar;C:\Program Files\Java\jdk1.8.0_261\jre\lib\ext\sunmscapi.jar;C:\Program Files\Java\jdk1.8.0_261\jre\lib\ext\sunpkcs11.jar;C:\Program Files\Java\jdk1.8.0_261\jre\lib\ext\zipfs.jar;C:\Program Files\Java\jdk1.8.0_261\jre\lib\javaws.jar;C:\Program Files\Java\jdk1.8.0_261\jre\lib\jce.jar;C:\Program Files\Java\jdk1.8.0_261\jre\lib\jfr.jar;C:\Program Files\Java\jdk1.8.0_261\jre\lib\jfxswt.jar;C:\Program Files\Java\jdk1.8.0_261\jre\lib\jsse.jar;C:\Program Files\Java\jdk1.8.0_261\jre\lib\management-agent.jar;C:\Program Files\Java\jdk1.8.0_261\jre\lib\plugin.jar;C:\Program Files\Java\jdk1.8.0_261\jre\lib\resources.jar;C:\Program Files\Java\jdk1.8.0_261\jre\lib\rt.jar;E:\IdeaProject\material\target\classes;E:\MyRepo\org\springframework\boot\spring-boot-starter-web\2.2.10.RELEASE\spring-boot-starter-web-2.2.10.RELEASE.jar;E:\MyRepo\org\springframework\boot\spring-boot-starter\2.2.10.RELEASE\spring-boot-starter-2.2.10.RELEASE.jar;E:\MyRepo\org\springframework\boot\spring-boot\2.2.10.RELEASE\spring-boot-2.2.10.RELEASE.jar;E:\MyRepo\org\springframework\boot\spring-boot-autoconfigure\2.2.10.RELEASE\spring-boot-autoconfigure-2.2.10.RELEASE.jar;E:\MyRepo\org\springframework\boot\spring-boot-starter-logging\2.2.10.RELEASE\spring-boot-starter-logging-2.2.10.RELEASE.jar;E:\MyRepo\ch\qos\logback\logback-classic\1.2.
Launcher Type: SUN_STANDARD

Environment Variables:
JAVA_HOME=C:\Program Files\Java\jdk1.7.0_80
CLASSPATH=.;C:\Program Files\Java\jdk1.7.0_80\lib;C:\Program Files\Java\jdk1.7.0_80\lib\tools.jar
PATH=C:\Program Files (x86)\Common Files\Oracle\Java\javapath;C:\Windows\system32;C:\Windows;C:\Windows\System32\Wbem;C:\Windows\System32\WindowsPowerShell\v1.0\;C:\Program Files (x86)\NVIDIA Corporation\PhysX\Common;C:\Program Files\Java\jdk1.7.0_80\bin;C:\Program Files\Java\jdk1.7.0_80\jre\bin;C:\Program Files (x86)\Microsoft SQL Server\100\Tools\Binn\;C:\Program Files\Microsoft SQL Server\100\Tools\Binn\;C:\Program Files\Microsoft SQL Server\100\DTS\Binn\;C:\Program Files (x86)\Microsoft SQL Server\100\Tools\Binn\VSShell\Common7\IDE\;C:\Program Files (x86)\Microsoft Visual Studio 9.0\Common7\IDE\PrivateAssemblies\;C:\Program Files (x86)\Microsoft SQL Server\100\DTS\Binn\;C:\Program Files (x86)\Microsoft SQL Server\150\DTS\Binn\;C:\Program Files\nodejs\;C:\Program Files\Git\cmd;C:\Program Files\MySQL\MySQL Shell 8.0\bin\;C:\Program Files\EsafeNet\Cobra DocGuard Client;C:\Users\114200563\AppData\Local\Programs\Microsoft VS Code\bin;C:\Users\114200563\AppData\Roaming\npm
USERNAME=114200563
OS=Windows_NT
PROCESSOR_IDENTIFIER=Intel64 Family 6 Model 60 Stepping 3, GenuineIntel



---------------  S Y S T E M  ---------------

OS: Windows 7 , 64 bit Build 7601 (6.1.7601.24384)

CPU:total 8 (initial active 8) (4 cores per cpu, 2 threads per core) family 6 model 60 stepping 3, cmov, cx8, fxsr, mmx, sse, sse2, sse3, ssse3, sse4.1, sse4.2, popcnt, avx, avx2, aes, clmul, erms, rtm, lzcnt, ht, tsc, tscinvbit, bmi1, bmi2

Memory: 4k page, physical 8276288k(1849948k free), swap 8274384k(5088k free)

vm_info: Java HotSpot(TM) 64-Bit Server VM (25.261-b12) for windows-amd64 JRE (1.8.0_261-b12), built on Jun 18 2020 06:56:32 by "" with unknown MS VC++:1916

time: Mon Oct 12 11:20:15 2020
timezone: ?D1¨²¡À¨º¡Á?¨º¡À??
elapsed time: 2 seconds (0d 0h 0m 2s)

