#
# There is insufficient memory for the Java Runtime Environment to continue.
# Native memory allocation (malloc) failed to allocate 40912 bytes for Chunk::new
# Possible reasons:
#   The system is out of physical RAM or swap space
#   The process is running with CompressedOops enabled, and the Java Heap may be blocking the growth of the native heap
# Possible solutions:
#   Reduce memory load on the system
#   Increase physical memory or swap space
#   Check if swap backing store is full
#   Decrease Java heap size (-Xmx/-Xms)
#   Decrease number of Java threads
#   Decrease Java thread stack sizes (-Xss)
#   Set larger code cache with -XX:ReservedCodeCacheSize=
#   JVM is running with Unscaled Compressed Oops mode in which the Java heap is
#     placed in the first 4GB address space. The Java Heap base address is the
#     maximum limit for the native heap growth. Please use -XX:HeapBaseMinAddress
#     to set the Java Heap base and to place the Java Heap above 4GB virtual address.
# This output file may be truncated or incomplete.
#
#  Out of Memory Error (allocation.cpp:389), pid=8880, tid=0x0000000000001e90
#
# JRE version: Java(TM) SE Runtime Environment (8.0_261-b12) (build 1.8.0_261-b12)
# Java VM: Java HotSpot(TM) 64-Bit Server VM (25.261-b12 mixed mode windows-amd64 compressed oops)
# Failed to write core dump. Minidumps are not enabled by default on client versions of Windows
#

---------------  T H R E A D  ---------------

Current thread (0x0000000000581800):  JavaThread "main" [_thread_in_native, id=7824, stack(0x0000000002bd0000,0x0000000002cd0000)]

Stack: [0x0000000002bd0000,0x0000000002cd0000]
Native frames: (J=compiled Java code, j=interpreted, Vv=VM code, C=native code)
V  [jvm.dll+0x33e5f9]

Java frames: (J=compiled Java code, j=interpreted, Vv=VM code)
j  com.sun.xml.internal.ws.spi.ProviderImpl.createServiceDelegate(Ljava/net/URL;Ljavax/xml/namespace/QName;Ljava/lang/Class;)Ljavax/xml/ws/spi/ServiceDelegate;+0
j  javax.xml.ws.Service.<init>(Ljava/net/URL;Ljavax/xml/namespace/QName;)V+14
j  com.landa.material.action.struts.MaterialActionService.<init>()V+7
j  WsTest.main([Ljava/lang/String;)V+4
v  ~StubRoutines::call_stub

---------------  P R O C E S S  ---------------

Java Threads: ( => current thread )
  0x000000005b70f800 JavaThread "Service Thread" daemon [_thread_blocked, id=2216, stack(0x000000005b470000,0x000000005b570000)]
  0x000000005b670800 JavaThread "C1 CompilerThread3" daemon [_thread_blocked, id=3320, stack(0x000000005bea0000,0x000000005bfa0000)]
  0x000000005b141000 JavaThread "C2 CompilerThread2" daemon [_thread_blocked, id=8048, stack(0x000000005b570000,0x000000005b670000)]
  0x000000005b12e000 JavaThread "C2 CompilerThread1" daemon [_thread_blocked, id=1084, stack(0x000000005b300000,0x000000005b400000)]
  0x000000005b125800 JavaThread "C2 CompilerThread0" daemon [_thread_blocked, id=6820, stack(0x000000005b1c0000,0x000000005b2c0000)]
  0x000000005b123800 JavaThread "Monitor Ctrl-Break" daemon [_thread_in_native, id=5516, stack(0x0000000007220000,0x0000000007320000)]
  0x000000005ad73800 JavaThread "Attach Listener" daemon [_thread_blocked, id=3704, stack(0x0000000006cf0000,0x0000000006df0000)]
  0x000000005ad72800 JavaThread "Signal Dispatcher" daemon [_thread_blocked, id=9772, stack(0x0000000007390000,0x0000000007490000)]
  0x0000000005139000 JavaThread "Finalizer" daemon [_thread_blocked, id=6920, stack(0x00000000070d0000,0x00000000071d0000)]
  0x000000000512f000 JavaThread "Reference Handler" daemon [_thread_blocked, id=8584, stack(0x0000000006f20000,0x0000000007020000)]
=>0x0000000000581800 JavaThread "main" [_thread_in_native, id=7824, stack(0x0000000002bd0000,0x0000000002cd0000)]

Other Threads:
  0x00000000050e8800 VMThread [stack: 0x0000000006e00000,0x0000000006f00000] [id=5588]
  0x000000005b7a8000 WatcherThread [stack: 0x000000005c1f0000,0x000000005c2f0000] [id=3400]

VM state:not at safepoint (normal execution)

VM Mutex/Monitor currently owned by a thread: None

heap address: 0x0000000081a00000, size: 2022 MB, Compressed Oops mode: 32-bit
Narrow klass base: 0x0000000000000000, Narrow klass shift: 0
Compressed class space size: 1073741824 Address: 0x000000001ad50000

Heap:
 PSYoungGen      total 38400K, used 5378K [0x00000000d5e00000, 0x00000000d8880000, 0x0000000100000000)
  eden space 33280K, 16% used [0x00000000d5e00000,0x00000000d63409d0,0x00000000d7e80000)
  from space 5120K, 0% used [0x00000000d8380000,0x00000000d8380000,0x00000000d8880000)
  to   space 5120K, 0% used [0x00000000d7e80000,0x00000000d7e80000,0x00000000d8380000)
 ParOldGen       total 87552K, used 0K [0x0000000081a00000, 0x0000000086f80000, 0x00000000d5e00000)
  object space 87552K, 0% used [0x0000000081a00000,0x0000000081a00000,0x0000000086f80000)
 Metaspace       used 3705K, capacity 4604K, committed 4864K, reserved 1056768K
  class space    used 402K, capacity 428K, committed 512K, reserved 1048576K

Card table byte_map: [0x0000000003090000,0x0000000003490000] byte_map_base: 0x0000000002c83000

Marking Bits: (ParMarkBitMap*) 0x0000000007da4fb0
 Begin Bits: [0x0000000016e20000, 0x0000000018db8000)
 End Bits:   [0x0000000018db8000, 0x000000001ad50000)

Polling page: 0x0000000001c80000

CodeCache: size=245760Kb used=1359Kb max_used=1359Kb free=244400Kb
 bounds [0x0000000007e20000, 0x0000000008090000, 0x0000000016e20000]
 total_blobs=359 nmethods=91 adapters=181
 compilation: enabled

Compilation events (10 events):
Event: 3.819 Thread 0x000000005b670800   82       1       java.net.URL::getUserInfo (5 bytes)
Event: 3.819 Thread 0x000000005b670800 nmethod 82 0x0000000007f67190 code [0x0000000007f672e0, 0x0000000007f673f0]
Event: 3.819 Thread 0x000000005b670800   80       3       java.lang.String::equalsIgnoreCase (48 bytes)
Event: 3.819 Thread 0x000000005b670800 nmethod 80 0x0000000007f66b90 code [0x0000000007f66d00, 0x0000000007f67068]
Event: 3.819 Thread 0x000000005b670800   86       1       java.nio.Buffer::limit (5 bytes)
Event: 3.819 Thread 0x000000005b670800 nmethod 86 0x0000000007f668d0 code [0x0000000007f66a20, 0x0000000007f66b30]
Event: 3.819 Thread 0x000000005b670800   83       1       java.net.URLStreamHandler::getDefaultPort (2 bytes)
Event: 3.819 Thread 0x000000005b670800 nmethod 83 0x0000000007f66610 code [0x0000000007f66760, 0x0000000007f66870]
Event: 3.821 Thread 0x000000005b670800   91   !   3       sun.misc.URLClassPath$JarLoader::getResource (85 bytes)
Event: 3.821 Thread 0x000000005b670800 nmethod 91 0x0000000007f74850 code [0x0000000007f74aa0, 0x0000000007f75688]

GC Heap History (0 events):
No events

Deoptimization events (0 events):
No events

Classes redefined (0 events):
No events

Internal exceptions (8 events):
Event: 0.230 Thread 0x0000000000581800 Exception <a 'java/lang/NoSuchMethodError': Method sun.misc.Unsafe.defineClass(Ljava/lang/String;[BII)Ljava/lang/Class; name or signature does not match> (0x00000000d5e07cc0) thrown at [C:\jenkins\workspace\8-2-build-windows-amd64-cygwin\jdk8u261\295\hots
Event: 0.230 Thread 0x0000000000581800 Exception <a 'java/lang/NoSuchMethodError': Method sun.misc.Unsafe.prefetchRead(Ljava/lang/Object;J)V name or signature does not match> (0x00000000d5e07fa8) thrown at [C:\jenkins\workspace\8-2-build-windows-amd64-cygwin\jdk8u261\295\hotspot\src\share\vm\p
Event: 3.795 Thread 0x000000005ad73800 Exception <a 'java/lang/NoClassDefFoundError': sun/util/locale/provider/TimeZoneNameUtility> (0x00000000d623f9a0) thrown at [C:\jenkins\workspace\8-2-build-windows-amd64-cygwin\jdk8u261\295\hotspot\src\share\vm\classfile\systemDictionary.cpp, line 208]
Event: 3.815 Thread 0x0000000000581800 Exception <a 'java/security/PrivilegedActionException'> (0x00000000d62a6248) thrown at [C:\jenkins\workspace\8-2-build-windows-amd64-cygwin\jdk8u261\295\hotspot\src\share\vm\prims\jvm.cpp, line 1512]
Event: 3.815 Thread 0x0000000000581800 Exception <a 'java/security/PrivilegedActionException'> (0x00000000d62a6458) thrown at [C:\jenkins\workspace\8-2-build-windows-amd64-cygwin\jdk8u261\295\hotspot\src\share\vm\prims\jvm.cpp, line 1512]
Event: 3.817 Thread 0x0000000000581800 Exception <a 'java/security/PrivilegedActionException'> (0x00000000d62aa368) thrown at [C:\jenkins\workspace\8-2-build-windows-amd64-cygwin\jdk8u261\295\hotspot\src\share\vm\prims\jvm.cpp, line 1512]
Event: 3.817 Thread 0x0000000000581800 Exception <a 'java/security/PrivilegedActionException'> (0x00000000d62aa578) thrown at [C:\jenkins\workspace\8-2-build-windows-amd64-cygwin\jdk8u261\295\hotspot\src\share\vm\prims\jvm.cpp, line 1512]
Event: 3.817 Thread 0x0000000000581800 Exception <a 'java/lang/ClassNotFoundException': com/sun/org/glassfish/hk2/osgiresourcelocator/ServiceLoader> (0x00000000d62b4160) thrown at [C:\jenkins\workspace\8-2-build-windows-amd64-cygwin\jdk8u261\295\hotspot\src\share\vm\classfile\systemDictionary.

Events (10 events):
Event: 3.817 loading class com/sun/org/glassfish/hk2/osgiresourcelocator/ServiceLoader done
Event: 3.817 loading class java/net/URLClassLoader$2
Event: 3.817 loading class java/net/URLClassLoader$2 done
Event: 3.821 loading class com/sun/xml/internal/ws/spi/ProviderImpl
Event: 3.834 loading class com/sun/xml/internal/ws/spi/ProviderImpl done
Event: 3.834 loading class com/sun/xml/internal/ws/spi/ProviderImpl$1
Event: 3.834 loading class com/sun/xml/internal/ws/spi/ContextClassloaderLocal
Event: 3.845 loading class com/sun/xml/internal/ws/spi/ContextClassloaderLocal done
Event: 3.845 loading class com/sun/xml/internal/ws/spi/ProviderImpl$1 done
Event: 3.845 loading class com/sun/xml/internal/ws/client/WSServiceDelegate


Dynamic libraries:
0x000000013f1f0000 - 0x000000013f237000 	C:\Program Files\Java\jdk1.8.0_261\bin\java.exe
0x0000000077830000 - 0x00000000779cf000 	C:\Windows\SYSTEM32\ntdll.dll
0x0000000077710000 - 0x000000007782f000 	C:\Windows\system32\kernel32.dll
0x000007fefd920000 - 0x000007fefd98a000 	C:\Windows\system32\KERNELBASE.dll
0x000007feff380000 - 0x000007feff45b000 	C:\Windows\system32\ADVAPI32.dll
0x000007fefdd00000 - 0x000007fefdd9f000 	C:\Windows\system32\msvcrt.dll
0x000007feff590000 - 0x000007feff5af000 	C:\Windows\SYSTEM32\sechost.dll
0x000007fefdb50000 - 0x000007fefdc7c000 	C:\Windows\system32\RPCRT4.dll
0x0000000077610000 - 0x000000007770a000 	C:\Windows\system32\USER32.dll
0x000007feff520000 - 0x000007feff587000 	C:\Windows\system32\GDI32.dll
0x000007fefdda0000 - 0x000007fefddae000 	C:\Windows\system32\LPK.dll
0x000007feff2b0000 - 0x000007feff37b000 	C:\Windows\system32\USP10.dll
0x000007fefac60000 - 0x000007fefae54000 	C:\Windows\WinSxS\amd64_microsoft.windows.common-controls_6595b64144ccf1df_6.0.7601.23403_none_e36ad4593102f066\COMCTL32.dll
0x000007fefe130000 - 0x000007fefe1a1000 	C:\Windows\system32\SHLWAPI.dll
0x000007fefdb20000 - 0x000007fefdb4e000 	C:\Windows\system32\IMM32.DLL
0x000007feff1a0000 - 0x000007feff2a9000 	C:\Windows\system32\MSCTF.dll
0x0000000180000000 - 0x0000000180098000 	C:\Windows\LVUAAgentInstBaseRoot\system32\Vozokopot.dll
0x000007fefc2c0000 - 0x000007fefc2e1000 	C:\Windows\LVUAAgentInstBaseRoot\system32\MozartBreathFw.dll
0x000007fefbd70000 - 0x000007fefc2bf000 	C:\Windows\LVUAAgentInstBaseRoot\system32\MozartBreathCore.dll
0x0000000075200000 - 0x000000007529a000 	C:\Windows\LVUAAgentInstBaseRoot\system32\SteinwayMSVCRT.dll
0x0000000075130000 - 0x0000000075200000 	C:\Windows\LVUAAgentInstBaseRoot\system32\SteinwayMSVCSTL.dll
0x000007fefbcf0000 - 0x000007fefbd61000 	C:\Windows\system32\WINSPOOL.DRV
0x000007fefe080000 - 0x000007fefe117000 	C:\Windows\system32\COMDLG32.dll
0x000007fefe410000 - 0x000007feff19a000 	C:\Windows\system32\SHELL32.dll
0x000007fefe1b0000 - 0x000007fefe3af000 	C:\Windows\system32\ole32.dll
0x000007feff860000 - 0x000007feff93a000 	C:\Windows\system32\OLEAUT32.dll
0x000007feff5b0000 - 0x000007feff5fd000 	C:\Windows\system32\WS2_32.dll
0x000007fefe120000 - 0x000007fefe128000 	C:\Windows\system32\NSI.dll
0x000007fefc610000 - 0x000007fefc621000 	C:\Windows\system32\WTSAPI32.dll
0x000007fefcb90000 - 0x000007fefcbeb000 	C:\Windows\system32\DNSAPI.dll
0x000007fefbc30000 - 0x000007fefbc48000 	C:\Windows\system32\MPR.dll
0x000007fefbbf0000 - 0x000007fefbc2a000 	C:\Windows\LVUAAgentInstBaseRoot\system32\MozartBreathNet.dll
0x000007fefbb80000 - 0x000007fefbbe3000 	C:\Windows\LVUAAgentInstBaseRoot\system32\MozartBreathFile.dll
0x000007fefbb40000 - 0x000007fefbb73000 	C:\Windows\LVUAAgentInstBaseRoot\system32\MozartBreathProcess.dll
0x000007fefbb20000 - 0x000007fefbb39000 	C:\Windows\LVUAAgentInstBaseRoot\system32\MozartBreathBolo.dll
0x000007fefbb00000 - 0x000007fefbb15000 	C:\Windows\LVUAAgentInstBaseRoot\system32\MozartBreathProtect.dll
0x000007fefc820000 - 0x000007fefc823000 	C:\Windows\system32\api-ms-win-core-synch-l1-2-0.DLL
0x000007fef6a70000 - 0x000007fef6a85000 	C:\Program Files\Java\jdk1.8.0_261\jre\bin\vcruntime140.dll
0x000007fee3cd0000 - 0x000007fee3cd4000 	C:\Windows\system32\api-ms-win-crt-runtime-l1-1-0.dll
0x000007fee7920000 - 0x000007fee7a14000 	C:\Windows\system32\ucrtbase.DLL
0x000007fee3960000 - 0x000007fee3963000 	C:\Windows\system32\api-ms-win-core-timezone-l1-1-0.dll
0x000007fee1e30000 - 0x000007fee1e33000 	C:\Windows\system32\api-ms-win-core-file-l2-1-0.dll
0x000007fee3cc0000 - 0x000007fee3cc3000 	C:\Windows\system32\api-ms-win-core-localization-l1-2-0.dll
0x000007fee39b0000 - 0x000007fee39b3000 	C:\Windows\system32\api-ms-win-core-processthreads-l1-1-1.dll
0x000007fee3970000 - 0x000007fee3973000 	C:\Windows\system32\api-ms-win-core-file-l1-2-0.dll
0x000007fee1df0000 - 0x000007fee1df3000 	C:\Windows\system32\api-ms-win-crt-heap-l1-1-0.dll
0x000007fee1de0000 - 0x000007fee1de4000 	C:\Windows\system32\api-ms-win-crt-string-l1-1-0.dll
0x000007fee1dd0000 - 0x000007fee1dd4000 	C:\Windows\system32\api-ms-win-crt-stdio-l1-1-0.dll
0x000007fee1dc0000 - 0x000007fee1dc4000 	C:\Windows\system32\api-ms-win-crt-convert-l1-1-0.dll
0x000007fee7fc0000 - 0x000007fee805b000 	C:\Program Files\Java\jdk1.8.0_261\jre\bin\msvcp140.dll
0x000007fee1db0000 - 0x000007fee1db3000 	C:\Windows\system32\api-ms-win-crt-locale-l1-1-0.dll
0x000007fee1da0000 - 0x000007fee1da5000 	C:\Windows\system32\api-ms-win-crt-math-l1-1-0.dll
0x000007fee1d70000 - 0x000007fee1d73000 	C:\Windows\system32\api-ms-win-crt-filesystem-l1-1-0.dll
0x000007fee1d80000 - 0x000007fee1d83000 	C:\Windows\system32\api-ms-win-crt-time-l1-1-0.dll
0x000007fee1d60000 - 0x000007fee1d63000 	C:\Windows\system32\api-ms-win-crt-environment-l1-1-0.dll
0x000007fee1d50000 - 0x000007fee1d53000 	C:\Windows\system32\api-ms-win-crt-utility-l1-1-0.dll
0x00000000075b0000 - 0x0000000007e1c000 	C:\Program Files\Java\jdk1.8.0_261\jre\bin\server\jvm.dll
0x000007feecf60000 - 0x000007feecf69000 	C:\Windows\system32\WSOCK32.dll
0x000007fef9db0000 - 0x000007fef9deb000 	C:\Windows\system32\WINMM.dll
0x000007fefc810000 - 0x000007fefc81c000 	C:\Windows\system32\VERSION.dll
0x00000000779d0000 - 0x00000000779d7000 	C:\Windows\system32\PSAPI.DLL
0x000007fef6b60000 - 0x000007fef6b70000 	C:\Program Files\Java\jdk1.8.0_261\jre\bin\verify.dll
0x000007fef6a20000 - 0x000007fef6a4b000 	C:\Program Files\Java\jdk1.8.0_261\jre\bin\java.dll
0x000007feec3d0000 - 0x000007feec402000 	C:\Program Files\Java\jdk1.8.0_261\jre\bin\instrument.dll
0x000007fef8750000 - 0x000007fef8770000 	C:\Windows\system32\Wlanapi.dll
0x000007fef8740000 - 0x000007fef8747000 	C:\Windows\system32\wlanutil.dll
0x000007feeb410000 - 0x000007feeb428000 	C:\Program Files\Java\jdk1.8.0_261\jre\bin\zip.dll
0x000007fefd5e0000 - 0x000007fefd5ef000 	C:\Windows\system32\profapi.dll
0x000007fee7f80000 - 0x000007fee7f9a000 	C:\Program Files\JetBrains\IntelliJ IDEA 2019.3.3\bin\breakgen64.dll
0x000007feeb3d0000 - 0x000007feeb3ec000 	C:\Program Files\Java\jdk1.8.0_261\jre\bin\net.dll
0x000007fefcd10000 - 0x000007fefcd65000 	C:\Windows\system32\mswsock.dll
0x000007fefcd00000 - 0x000007fefcd07000 	C:\Windows\System32\wship6.dll

VM Arguments:
jvm_args: -javaagent:C:\Program Files\JetBrains\IntelliJ IDEA 2019.3.3\lib\idea_rt.jar=64539:C:\Program Files\JetBrains\IntelliJ IDEA 2019.3.3\bin -Dfile.encoding=UTF-8 
java_command: WsTest
java_class_path (initial): C:\Program Files\Java\jdk1.8.0_261\jre\lib\charsets.jar;C:\Program Files\Java\jdk1.8.0_261\jre\lib\deploy.jar;C:\Program Files\Java\jdk1.8.0_261\jre\lib\ext\access-bridge-64.jar;C:\Program Files\Java\jdk1.8.0_261\jre\lib\ext\cldrdata.jar;C:\Program Files\Java\jdk1.8.0_261\jre\lib\ext\dnsns.jar;C:\Program Files\Java\jdk1.8.0_261\jre\lib\ext\jaccess.jar;C:\Program Files\Java\jdk1.8.0_261\jre\lib\ext\jfxrt.jar;C:\Program Files\Java\jdk1.8.0_261\jre\lib\ext\localedata.jar;C:\Program Files\Java\jdk1.8.0_261\jre\lib\ext\nashorn.jar;C:\Program Files\Java\jdk1.8.0_261\jre\lib\ext\sunec.jar;C:\Program Files\Java\jdk1.8.0_261\jre\lib\ext\sunjce_provider.jar;C:\Program Files\Java\jdk1.8.0_261\jre\lib\ext\sunmscapi.jar;C:\Program Files\Java\jdk1.8.0_261\jre\lib\ext\sunpkcs11.jar;C:\Program Files\Java\jdk1.8.0_261\jre\lib\ext\zipfs.jar;C:\Program Files\Java\jdk1.8.0_261\jre\lib\javaws.jar;C:\Program Files\Java\jdk1.8.0_261\jre\lib\jce.jar;C:\Program Files\Java\jdk1.8.0_261\jre\lib\jfr.jar;C:\Program Files\Java\jdk1.8.0_261\jre\lib\jfxswt.jar;C:\Program Files\Java\jdk1.8.0_261\jre\lib\jsse.jar;C:\Program Files\Java\jdk1.8.0_261\jre\lib\management-agent.jar;C:\Program Files\Java\jdk1.8.0_261\jre\lib\plugin.jar;C:\Program Files\Java\jdk1.8.0_261\jre\lib\resources.jar;C:\Program Files\Java\jdk1.8.0_261\jre\lib\rt.jar;E:\IdeaProject\material\target\test-classes;E:\IdeaProject\material\target\classes;E:\MyRepo\org\springframework\boot\spring-boot-starter-web\2.2.10.RELEASE\spring-boot-starter-web-2.2.10.RELEASE.jar;E:\MyRepo\org\springframework\boot\spring-boot-starter\2.2.10.RELEASE\spring-boot-starter-2.2.10.RELEASE.jar;E:\MyRepo\org\springframework\boot\spring-boot\2.2.10.RELEASE\spring-boot-2.2.10.RELEASE.jar;E:\MyRepo\org\springframework\boot\spring-boot-autoconfigure\2.2.10.RELEASE\spring-boot-autoconfigure-2.2.10.RELEASE.jar;E:\MyRepo\org\springframework\boot\spring-boot-starter-logging\2.2.10.RELEASE\spring-boot-starter-logging-2.2.10.RELEASE.jar;E
Launcher Type: SUN_STANDARD

Environment Variables:
JAVA_HOME=C:\Program Files\Java\jdk1.7.0_80
CLASSPATH=.;C:\Program Files\Java\jdk1.7.0_80\lib;C:\Program Files\Java\jdk1.7.0_80\lib\tools.jar
PATH=C:\Program Files (x86)\Common Files\Oracle\Java\javapath;C:\Windows\system32;C:\Windows;C:\Windows\System32\Wbem;C:\Windows\System32\WindowsPowerShell\v1.0\;C:\Program Files (x86)\NVIDIA Corporation\PhysX\Common;C:\Program Files\Java\jdk1.7.0_80\bin;C:\Program Files\Java\jdk1.7.0_80\jre\bin;C:\Program Files (x86)\Microsoft SQL Server\100\Tools\Binn\;C:\Program Files\Microsoft SQL Server\100\Tools\Binn\;C:\Program Files\Microsoft SQL Server\100\DTS\Binn\;C:\Program Files (x86)\Microsoft SQL Server\100\Tools\Binn\VSShell\Common7\IDE\;C:\Program Files (x86)\Microsoft Visual Studio 9.0\Common7\IDE\PrivateAssemblies\;C:\Program Files (x86)\Microsoft SQL Server\100\DTS\Binn\;C:\Program Files (x86)\Microsoft SQL Server\150\DTS\Binn\;C:\Program Files\nodejs\;C:\Program Files\Git\cmd;C:\Program Files\MySQL\MySQL Shell 8.0\bin\;C:\Program Files\EsafeNet\Cobra DocGuard Client;C:\Users\114200563\AppData\Local\Programs\Microsoft VS Code\bin;C:\Users\114200563\AppData\Roaming\npm
USERNAME=114200563
OS=Windows_NT
PROCESSOR_IDENTIFIER=Intel64 Family 6 Model 60 Stepping 3, GenuineIntel



---------------  S Y S T E M  ---------------

OS: Windows 7 , 64 bit Build 7601 (6.1.7601.24384)

CPU:total 8 (initial active 8) (4 cores per cpu, 2 threads per core) family 6 model 60 stepping 3, cmov, cx8, fxsr, mmx, sse, sse2, sse3, ssse3, sse4.1, sse4.2, popcnt, avx, avx2, aes, clmul, erms, rtm, lzcnt, ht, tsc, tscinvbit, bmi1, bmi2

Memory: 4k page, physical 8276288k(2060556k free), swap 8274384k(5004k free)

vm_info: Java HotSpot(TM) 64-Bit Server VM (25.261-b12) for windows-amd64 JRE (1.8.0_261-b12), built on Jun 18 2020 06:56:32 by "" with unknown MS VC++:1916

time: Mon Oct 12 14:37:25 2020
timezone: ?D1¨²¡À¨º¡Á?¨º¡À??
elapsed time: 3 seconds (0d 0h 0m 3s)

